<?xml version="1.0" encoding="UTF-8"?><testsuite errors="1" failures="0" name="Galapatours" skipped="0" tests="1" time="5.8" timestamp="2020-01-08T15:33:58.417-05:00[America/Bogota]"><testcase name="Find my Galapagos cruise"><error message="Could not instantiate new WebDriver instance of type class org.openqa.selenium.chrome.ChromeDriver (The path to the chromedriver driver executable must be set by the webdriver.chrome.driver system property; for more information, see https://sites.google.com/a/chromium.org/chromedriver/downloads. The latest version can be downloaded from https://sites.google.com/a/chromium.org/chromedriver/downloads" type="net.thucydides.core.webdriver.UnsupportedDriverException">Could not instantiate new WebDriver instance of type class org.openqa.selenium.chrome.ChromeDriver (The path to the chromedriver driver executable must be set by the webdriver.chrome.driver system property; for more information, see https://sites.google.com/a/chromium.org/chromedriver/downloads. The latest version can be downloaded from https://sites.google.com/a/chromium.org/chromedriver/downloads</error><system-err>Could not instantiate new WebDriver instance of type class org.openqa.selenium.chrome.ChromeDriver (The path to the chromedriver driver executable must be set by the webdriver.chrome.driver system property; for more information, see https://sites.google.com/a/chromium.org/chromedriver/downloads. The latest version can be downloaded from https://sites.google.com/a/chromium.org/chromedriver/downloads&#13;
org.venturatravel.stepdefinitions.GalapatoursStepDefintions.thatMauricioWantsToFindTheBestShipsAndRoutes(GalapatoursStepDefintions.java:53)&#13;
cucumber.runner.Runner.runPickle(Runner.java:80)&#13;
</system-err></testcase></testsuite>